Using pre-set license
Built from '2021.3/staging' branch; Version is '2021.3.1f1 (3b70a0754835) revision 3895456'; Using compiler version '192829333'; Build Type 'Release'
OS: 'Windows 10  (10.0.19043) 64bit Core' Language: 'en' Physical Memory: 16245 MB
BatchMode: 1, IsHumanControllingUs: 0, StartBugReporterOnCrash: 0, Is64bit: 1, IsPro: 1

COMMAND LINE ARGUMENTS:
C:\Program Files\Unity\Hub\Editor\2021.3.1f1\Editor\Unity.exe
-adb2
-batchMode
-noUpm
-name
AssetImportWorker0
-projectPath
C:/Users/maste/Documents/GitHub/Unity-Projects/PacMan2
-logFile
Logs/AssetImportWorker0.log
-srvPort
62551
Successfully changed project path to: C:/Users/maste/Documents/GitHub/Unity-Projects/PacMan2
C:/Users/maste/Documents/GitHub/Unity-Projects/PacMan2
[UnityMemory] Configuration Parameters - Can be set up in boot.config
    "memorysetup-bucket-allocator-granularity=16"
    "memorysetup-bucket-allocator-bucket-count=8"
    "memorysetup-bucket-allocator-block-size=33554432"
    "memorysetup-bucket-allocator-block-count=8"
    "memorysetup-main-allocator-block-size=16777216"
    "memorysetup-thread-allocator-block-size=16777216"
    "memorysetup-gfx-main-allocator-block-size=16777216"
    "memorysetup-gfx-thread-allocator-block-size=16777216"
    "memorysetup-cache-allocator-block-size=4194304"
    "memorysetup-typetree-allocator-block-size=2097152"
    "memorysetup-profiler-bucket-allocator-granularity=16"
    "memorysetup-profiler-bucket-allocator-bucket-count=8"
    "memorysetup-profiler-bucket-allocator-block-size=33554432"
    "memorysetup-profiler-bucket-allocator-block-count=8"
    "memorysetup-profiler-allocator-block-size=16777216"
    "memorysetup-profiler-editor-allocator-block-size=1048576"
    "memorysetup-temp-allocator-size-main=16777216"
    "memorysetup-job-temp-allocator-block-size=2097152"
    "memorysetup-job-temp-allocator-block-size-background=1048576"
    "memorysetup-job-temp-allocator-reduction-small-platforms=262144"
    "memorysetup-temp-allocator-size-background-worker=32768"
    "memorysetup-temp-allocator-size-job-worker=262144"
    "memorysetup-temp-allocator-size-preload-manager=33554432"
    "memorysetup-temp-allocator-size-nav-mesh-worker=65536"
    "memorysetup-temp-allocator-size-audio-worker=65536"
    "memorysetup-temp-allocator-size-cloud-worker=32768"
    "memorysetup-temp-allocator-size-gi-baking-worker=262144"
    "memorysetup-temp-allocator-size-gfx=262144"
Refreshing native plugins compatible for Editor in 80.75 ms, found 3 plugins.
Preloading 0 native plugins for Editor in 0.00 ms.
Initialize engine version: 2021.3.1f1 (3b70a0754835)
[Subsystems] Discovering subsystems at path C:/Program Files/Unity/Hub/Editor/2021.3.1f1/Editor/Data/Resources/UnitySubsystems
[Subsystems] Discovering subsystems at path C:/Users/maste/Documents/GitHub/Unity-Projects/PacMan2/Assets
GfxDevice: creating device client; threaded=0; jobified=0
Direct3D:
    Version:  Direct3D 11.0 [level 11.1]
    Renderer: NVIDIA GeForce RTX 2070 with Max-Q Design (ID=0x1f14)
    Vendor:   NVIDIA
    VRAM:     8031 MB
    Driver:   30.0.15.1215
Initialize mono
Mono path[0] = 'C:/Program Files/Unity/Hub/Editor/2021.3.1f1/Editor/Data/Managed'
Mono path[1] = 'C:/Program Files/Unity/Hub/Editor/2021.3.1f1/Editor/Data/MonoBleedingEdge/lib/mono/unityjit-win32'
Mono config path = 'C:/Program Files/Unity/Hub/Editor/2021.3.1f1/Editor/Data/MonoBleedingEdge/etc'
Using monoOptions --debugger-agent=transport=dt_socket,embedding=1,server=y,suspend=n,address=127.0.0.1:56644
Begin MonoManager ReloadAssembly
Registering precompiled unity dll's ...
Register platform support module: C:/Program Files/Unity/Hub/Editor/2021.3.1f1/Editor/Data/PlaybackEngines/WindowsStandaloneSupport/UnityEditor.WindowsStandalone.Extensions.dll
Registered in 0.008458 seconds.
Native extension for WindowsStandalone target not found
Refreshing native plugins compatible for Editor in 75.63 ms, found 3 plugins.
Preloading 0 native plugins for Editor in 0.00 ms.
Mono: successfully reloaded assembly
- Completed reload, in  0.639 seconds
Domain Reload Profiling:
	ReloadAssembly (640ms)
		BeginReloadAssembly (71ms)
			ExecutionOrderSort (0ms)
			DisableScriptedObjects (0ms)
			BackupInstance (0ms)
			ReleaseScriptingObjects (0ms)
			CreateAndSetChildDomain (1ms)
		EndReloadAssembly (459ms)
			LoadAssemblies (69ms)
			RebuildTransferFunctionScriptingTraits (0ms)
			SetupTypeCache (113ms)
			ReleaseScriptCaches (0ms)
			RebuildScriptCaches (29ms)
			SetupLoadedEditorAssemblies (269ms)
				LogAssemblyErrors (0ms)
				InitializePlatformSupportModulesInManaged (8ms)
				SetLoadedEditorAssemblies (0ms)
				RefreshPlugins (76ms)
				BeforeProcessingInitializeOnLoad (1ms)
				ProcessInitializeOnLoadAttributes (135ms)
				ProcessInitializeOnLoadMethodAttributes (48ms)
				AfterProcessingInitializeOnLoad (0ms)
				EditorAssembliesLoaded (0ms)
			ExecutionOrderSort2 (0ms)
			AwakeInstancesAfterBackupRestoration (0ms)
Platform modules already initialized, skipping
Registering precompiled user dll's ...
Registered in 0.004778 seconds.
Begin MonoManager ReloadAssembly
Symbol file LoadedFromMemory doesn't match image C:\Users\maste\Documents\GitHub\Unity-Projects\PacMan2\Library\PackageCache\com.unity.visualscripting@1.7.6\Editor\VisualScripting.Core\Dependencies\YamlDotNet\Unity.VisualScripting.YamlDotNet.dll
Symbol file LoadedFromMemory is not a mono symbol file
Symbol file LoadedFromMemory doesn't match image C:\Users\maste\Documents\GitHub\Unity-Projects\PacMan2\Library\PackageCache\com.unity.visualscripting@1.7.6\Editor\VisualScripting.Core\Dependencies\DotNetZip\Unity.VisualScripting.IonicZip.dll
Native extension for WindowsStandalone target not found
Refreshing native plugins compatible for Editor in 0.48 ms, found 3 plugins.
Preloading 0 native plugins for Editor in 0.00 ms.
Mono: successfully reloaded assembly
- Completed reload, in  1.013 seconds
Domain Reload Profiling:
	ReloadAssembly (1014ms)
		BeginReloadAssembly (120ms)
			ExecutionOrderSort (0ms)
			DisableScriptedObjects (5ms)
			BackupInstance (0ms)
			ReleaseScriptingObjects (0ms)
			CreateAndSetChildDomain (19ms)
		EndReloadAssembly (781ms)
			LoadAssemblies (97ms)
			RebuildTransferFunctionScriptingTraits (0ms)
			SetupTypeCache (257ms)
			ReleaseScriptCaches (1ms)
			RebuildScriptCaches (54ms)
			SetupLoadedEditorAssemblies (347ms)
				LogAssemblyErrors (0ms)
				InitializePlatformSupportModulesInManaged (6ms)
				SetLoadedEditorAssemblies (0ms)
				RefreshPlugins (1ms)
				BeforeProcessingInitializeOnLoad (83ms)
				ProcessInitializeOnLoadAttributes (224ms)
				ProcessInitializeOnLoadMethodAttributes (25ms)
				AfterProcessingInitializeOnLoad (8ms)
				EditorAssembliesLoaded (0ms)
			ExecutionOrderSort2 (0ms)
			AwakeInstancesAfterBackupRestoration (6ms)
Platform modules already initialized, skipping
========================================================================
Worker process is ready to serve import requests
Launched and connected shader compiler UnityShaderCompiler.exe after 0.07 seconds
Refreshing native plugins compatible for Editor in 1.17 ms, found 3 plugins.
Preloading 0 native plugins for Editor in 0.00 ms.
Unloading 3225 Unused Serialized files (Serialized files now loaded: 0)
Unloading 23 unused Assets / (112.5 KB). Loaded Objects now: 3691.
Memory consumption went from 112.7 MB to 112.6 MB.
Total: 3.240200 ms (FindLiveObjects: 0.279700 ms CreateObjectMapping: 0.229800 ms MarkObjects: 2.590500 ms  DeleteObjects: 0.139200 ms)

AssetImportParameters requested are different than current active one (requested -> active):
  custom:video-decoder-ogg-theora: a1e56fd34408186e4bbccfd4996cb3dc -> 
  custom:container-muxer-webm: aa71ff27fc2769a1b78a27578f13a17b -> 
  custom:container-demuxer-webm: 4f35f7cbe854078d1ac9338744f61a02 -> 
  custom:video-encoder-webm-vp8: eb34c28f22e8b96e1ab97ce403110664 -> 
  custom:audio-encoder-webm-vorbis: bf7c407c2cedff20999df2af8eb42d56 -> 
  custom:framework-win-MediaFoundation: 216162199b28c13a410421893ffa2e32 -> 
  custom:container-demuxer-ogg: 62fdf1f143b41e24485cea50d1cbac27 -> 
  custom:video-decoder-webm-vp8: 9c59270c3fd7afecdb556c50c9e8de78 -> 
  custom:audio-decoder-ogg-vorbis: bf7c407c2cedff20999df2af8eb42d56 -> 
========================================================================
Received Import Request.
  Time since last request: 8532.989167 seconds.
  path: Assets/_ChompMan-PM/Textures/CRACKMAN FRONT.TTF
  artifactKey: Guid(4e59435a679b0524ba89b3cc70a6010f) Importer(815301076,1909f56bfc062723c751e8b465ee728b)
Start importing Assets/_ChompMan-PM/Textures/CRACKMAN FRONT.TTF using Guid(4e59435a679b0524ba89b3cc70a6010f) Importer(815301076,1909f56bfc062723c751e8b465ee728b)  -> (artifact id: '3114d4bdd575b2a20dd496ebcce546fa') in 0.132686 seconds 
========================================================================
Received Import Request.
  Time since last request: 0.479092 seconds.
  path: Assets/_ChompMan-PM/Prefabs/Props/Cherry Variant.prefab
  artifactKey: Guid(8dadb4a5d9de8a941b6bb68d601ad73f) Importer(815301076,1909f56bfc062723c751e8b465ee728b)
Start importing Assets/_ChompMan-PM/Prefabs/Props/Cherry Variant.prefab using Guid(8dadb4a5d9de8a941b6bb68d601ad73f) Importer(815301076,1909f56bfc062723c751e8b465ee728b)  -> (artifact id: '4a65bc1b5d95f92f7ee4ed3f59045e8e') in 0.097297 seconds 
========================================================================
Received Import Request.
  Time since last request: 11.244722 seconds.
  path: Assets/_ChompMan-PM/Prefabs/Enviornment/Maze_Geo/Stage_GroundPlace.prefab
  artifactKey: Guid(482e4546ad0203944961c8ecf7d3b390) Importer(815301076,1909f56bfc062723c751e8b465ee728b)
Start importing Assets/_ChompMan-PM/Prefabs/Enviornment/Maze_Geo/Stage_GroundPlace.prefab using Guid(482e4546ad0203944961c8ecf7d3b390) Importer(815301076,1909f56bfc062723c751e8b465ee728b)  -> (artifact id: '7e1f655d2f8348185e5bc417bf005047') in 0.019026 seconds 
========================================================================
Received Import Request.
  Time since last request: 0.025884 seconds.
  path: Assets/_ChompMan-PM/Prefabs/Enviornment/Maze_Geo/Stage_Mesh_03.prefab
  artifactKey: Guid(8a5cdb9359a01f04b8bcc756788fc964) Importer(815301076,1909f56bfc062723c751e8b465ee728b)
Start importing Assets/_ChompMan-PM/Prefabs/Enviornment/Maze_Geo/Stage_Mesh_03.prefab using Guid(8a5cdb9359a01f04b8bcc756788fc964) Importer(815301076,1909f56bfc062723c751e8b465ee728b)  -> (artifact id: '75a141293b9efd89dba33efa52d19328') in 0.032842 seconds 
========================================================================
Received Import Request.
  Time since last request: 0.000024 seconds.
  path: Assets/_ChompMan-PM/Prefabs/Enviornment/Maze_Geo/Stage_Mesh_05.prefab
  artifactKey: Guid(5246c140e92fd544a921c04bb8d9f124) Importer(815301076,1909f56bfc062723c751e8b465ee728b)
Start importing Assets/_ChompMan-PM/Prefabs/Enviornment/Maze_Geo/Stage_Mesh_05.prefab using Guid(5246c140e92fd544a921c04bb8d9f124) Importer(815301076,1909f56bfc062723c751e8b465ee728b)  -> (artifact id: '8787314c88a02f37d7fff802b8068258') in 0.038385 seconds 
========================================================================
Received Import Request.
  Time since last request: 0.000039 seconds.
  path: Assets/_ChompMan-PM/Prefabs/Enviornment/Maze_ModularMesh/Stage_ModularMesh_08.prefab
  artifactKey: Guid(764e44cfa16f35d49b6a3c3af7852fed) Importer(815301076,1909f56bfc062723c751e8b465ee728b)
Start importing Assets/_ChompMan-PM/Prefabs/Enviornment/Maze_ModularMesh/Stage_ModularMesh_08.prefab using Guid(764e44cfa16f35d49b6a3c3af7852fed) Importer(815301076,1909f56bfc062723c751e8b465ee728b)  -> (artifact id: 'a1e4b77a5486028632edc72a8bc74c3e') in 0.027315 seconds 
========================================================================
Received Import Request.
  Time since last request: 0.000025 seconds.
  path: Assets/_ChompMan-PM/Prefabs/Enviornment/Maze_ModularMesh/Stage_ModularMesh_14.prefab
  artifactKey: Guid(06ae5bab5325f07419387af863bb3599) Importer(815301076,1909f56bfc062723c751e8b465ee728b)
Start importing Assets/_ChompMan-PM/Prefabs/Enviornment/Maze_ModularMesh/Stage_ModularMesh_14.prefab using Guid(06ae5bab5325f07419387af863bb3599) Importer(815301076,1909f56bfc062723c751e8b465ee728b)  -> (artifact id: 'a64eac2d385a81113d519538cfc2dc08') in 0.048136 seconds 
========================================================================
Received Import Request.
  Time since last request: 0.000017 seconds.
  path: Assets/_ChompMan-PM/Prefabs/Enviornment/Maze_ModularMesh/Stage_ModularMesh_06.prefab
  artifactKey: Guid(71d9237a5c4b29046ae8f163900f6706) Importer(815301076,1909f56bfc062723c751e8b465ee728b)
Start importing Assets/_ChompMan-PM/Prefabs/Enviornment/Maze_ModularMesh/Stage_ModularMesh_06.prefab using Guid(71d9237a5c4b29046ae8f163900f6706) Importer(815301076,1909f56bfc062723c751e8b465ee728b)  -> (artifact id: 'de9b609c3ef3f6dfa87769a6225ebade') in 0.035009 seconds 
========================================================================
Received Import Request.
  Time since last request: 0.000020 seconds.
  path: Assets/_ChompMan-PM/Prefabs/Enviornment/Maze_ModularMesh/Stage_ModularMesh_05.prefab
  artifactKey: Guid(e573bacc17719cd43947de737e87bc8e) Importer(815301076,1909f56bfc062723c751e8b465ee728b)
Start importing Assets/_ChompMan-PM/Prefabs/Enviornment/Maze_ModularMesh/Stage_ModularMesh_05.prefab using Guid(e573bacc17719cd43947de737e87bc8e) Importer(815301076,1909f56bfc062723c751e8b465ee728b)  -> (artifact id: '263755ad0dfa3fc4e89d8afdee9a1339') in 0.034204 seconds 
========================================================================
Received Import Request.
  Time since last request: 0.000035 seconds.
  path: Assets/_ChompMan-PM/Prefabs/Enviornment/Maze_ModularMesh/Stage_ModularMesh_03.prefab
  artifactKey: Guid(940bd3107d0eca140be67658614cca79) Importer(815301076,1909f56bfc062723c751e8b465ee728b)
Start importing Assets/_ChompMan-PM/Prefabs/Enviornment/Maze_ModularMesh/Stage_ModularMesh_03.prefab using Guid(940bd3107d0eca140be67658614cca79) Importer(815301076,1909f56bfc062723c751e8b465ee728b)  -> (artifact id: '648a76521f710f8dd3a03297c702571e') in 0.031855 seconds 
========================================================================
Received Import Request.
  Time since last request: 0.000036 seconds.
  path: Assets/_ChompMan-PM/Prefabs/Enviornment/Maze_ModularMesh/Stage_ModularMesh_18.prefab
  artifactKey: Guid(126af22c868f5fb47803e75767d9c25a) Importer(815301076,1909f56bfc062723c751e8b465ee728b)
Start importing Assets/_ChompMan-PM/Prefabs/Enviornment/Maze_ModularMesh/Stage_ModularMesh_18.prefab using Guid(126af22c868f5fb47803e75767d9c25a) Importer(815301076,1909f56bfc062723c751e8b465ee728b)  -> (artifact id: 'c675e975d8c4766665367590425cc28a') in 0.037002 seconds 
========================================================================
Received Import Request.
  Time since last request: 0.000027 seconds.
  path: Assets/_ChompMan-PM/Prefabs/Enviornment/Maze_Geo/Stage_Mesh_02.prefab
  artifactKey: Guid(807a583b1382b7543ad9555f56ddc2af) Importer(815301076,1909f56bfc062723c751e8b465ee728b)
Start importing Assets/_ChompMan-PM/Prefabs/Enviornment/Maze_Geo/Stage_Mesh_02.prefab using Guid(807a583b1382b7543ad9555f56ddc2af) Importer(815301076,1909f56bfc062723c751e8b465ee728b)  -> (artifact id: '9279ed47ac3a9505ff139bf9b3a89913') in 0.041014 seconds 
========================================================================
Received Import Request.
  Time since last request: 0.000026 seconds.
  path: Assets/_ChompMan-PM/Prefabs/Enviornment/Maze_ModularMesh/Stage_ModularMesh_17.prefab
  artifactKey: Guid(2cfb9c91ce79b3b4ba7f5489c8fc875f) Importer(815301076,1909f56bfc062723c751e8b465ee728b)
Start importing Assets/_ChompMan-PM/Prefabs/Enviornment/Maze_ModularMesh/Stage_ModularMesh_17.prefab using Guid(2cfb9c91ce79b3b4ba7f5489c8fc875f) Importer(815301076,1909f56bfc062723c751e8b465ee728b)  -> (artifact id: '59c18f36c6d70cecfb34ee604308218f') in 0.031943 seconds 
========================================================================
Received Import Request.
  Time since last request: 0.000030 seconds.
  path: Assets/_ChompMan-PM/Prefabs/Enviornment/Maze_ModularMesh/Stage_ModularMesh_11.prefab
  artifactKey: Guid(c7420859b74ae2a43ad9df68706b5d11) Importer(815301076,1909f56bfc062723c751e8b465ee728b)
Start importing Assets/_ChompMan-PM/Prefabs/Enviornment/Maze_ModularMesh/Stage_ModularMesh_11.prefab using Guid(c7420859b74ae2a43ad9df68706b5d11) Importer(815301076,1909f56bfc062723c751e8b465ee728b)  -> (artifact id: '80f8f20c24d2328e042df6428e09a0b5') in 0.029826 seconds 
========================================================================
Received Import Request.
  Time since last request: 0.000017 seconds.
  path: Assets/_ChompMan-PM/Prefabs/Enviornment/Maze_ModularMesh/Stage_ModularMesh_19.prefab
  artifactKey: Guid(ad528950a6fb36d4ba50434776abe65e) Importer(815301076,1909f56bfc062723c751e8b465ee728b)
Start importing Assets/_ChompMan-PM/Prefabs/Enviornment/Maze_ModularMesh/Stage_ModularMesh_19.prefab using Guid(ad528950a6fb36d4ba50434776abe65e) Importer(815301076,1909f56bfc062723c751e8b465ee728b)  -> (artifact id: 'cc0cdf04273df214cd338dcee05921c3') in 0.030311 seconds 
========================================================================
Received Import Request.
  Time since last request: 0.000027 seconds.
  path: Assets/_ChompMan-PM/Prefabs/Enviornment/Maze_Geo/Stage_Mesh_04.prefab
  artifactKey: Guid(4afada16b72bc7d448e6944a40eed4e2) Importer(815301076,1909f56bfc062723c751e8b465ee728b)
Start importing Assets/_ChompMan-PM/Prefabs/Enviornment/Maze_Geo/Stage_Mesh_04.prefab using Guid(4afada16b72bc7d448e6944a40eed4e2) Importer(815301076,1909f56bfc062723c751e8b465ee728b)  -> (artifact id: '60297d19d4e60f444c752c763f0b143a') in 0.030761 seconds 
========================================================================
Received Import Request.
  Time since last request: 0.000023 seconds.
  path: Assets/_ChompMan-PM/Prefabs/Enviornment/Maze_ModularMesh/Stage_ModularMesh_12.prefab
  artifactKey: Guid(5eea77cb514ca474c8b20fbd7690cedc) Importer(815301076,1909f56bfc062723c751e8b465ee728b)
Start importing Assets/_ChompMan-PM/Prefabs/Enviornment/Maze_ModularMesh/Stage_ModularMesh_12.prefab using Guid(5eea77cb514ca474c8b20fbd7690cedc) Importer(815301076,1909f56bfc062723c751e8b465ee728b)  -> (artifact id: '0d6e91a6d440eb91181c8745ee5672be') in 0.034209 seconds 
========================================================================
Received Import Request.
  Time since last request: 0.000018 seconds.
  path: Assets/_ChompMan-PM/Prefabs/Enviornment/Maze_ModularMesh/Stage_ModularMesh_16.prefab
  artifactKey: Guid(195d684c24e31f2479fb55a3db67f1a2) Importer(815301076,1909f56bfc062723c751e8b465ee728b)
Start importing Assets/_ChompMan-PM/Prefabs/Enviornment/Maze_ModularMesh/Stage_ModularMesh_16.prefab using Guid(195d684c24e31f2479fb55a3db67f1a2) Importer(815301076,1909f56bfc062723c751e8b465ee728b)  -> (artifact id: '6345521b52bf8f9de378dfa683fc61fb') in 0.031170 seconds 
========================================================================
Received Import Request.
  Time since last request: 0.219554 seconds.
  path: Assets/_ChompMan-PM/Materials/Props/Cherry.mat
  artifactKey: Guid(58d9556bf9f0337498429844bdb61864) Importer(815301076,1909f56bfc062723c751e8b465ee728b)
Start importing Assets/_ChompMan-PM/Materials/Props/Cherry.mat using Guid(58d9556bf9f0337498429844bdb61864) Importer(815301076,1909f56bfc062723c751e8b465ee728b)  -> (artifact id: '964c5c14d805879db28b235607779564') in 0.035828 seconds 
========================================================================
Received Import Request.
  Time since last request: 0.000016 seconds.
  path: Assets/_ChompMan-PM/Materials/Props/PowerPellet_MAT.mat
  artifactKey: Guid(ff85b959d18aea5498572609247ff7c6) Importer(815301076,1909f56bfc062723c751e8b465ee728b)
Start importing Assets/_ChompMan-PM/Materials/Props/PowerPellet_MAT.mat using Guid(ff85b959d18aea5498572609247ff7c6) Importer(815301076,1909f56bfc062723c751e8b465ee728b)  -> (artifact id: '425d5d24a0a9482830d09172e2fad9ef') in 0.040107 seconds 
========================================================================
Received Import Request.
  Time since last request: 0.000029 seconds.
  path: Assets/_ChompMan-PM/Materials/Enviornment/Stage_MAT.mat
  artifactKey: Guid(d97a11d98a41c9b4487a6add7112e6b2) Importer(815301076,1909f56bfc062723c751e8b465ee728b)
Start importing Assets/_ChompMan-PM/Materials/Enviornment/Stage_MAT.mat using Guid(d97a11d98a41c9b4487a6add7112e6b2) Importer(815301076,1909f56bfc062723c751e8b465ee728b)  -> (artifact id: '2efa7dd2bb3405276bd9b952f28bad92') in 0.023397 seconds 
========================================================================
Received Import Request.
  Time since last request: 0.000034 seconds.
  path: Assets/_ChompMan-PM/Materials/Characters/GhostLitBlue_MAT.mat
  artifactKey: Guid(26bcbe1ab7bf213448c16169f6208712) Importer(815301076,1909f56bfc062723c751e8b465ee728b)
Start importing Assets/_ChompMan-PM/Materials/Characters/GhostLitBlue_MAT.mat using Guid(26bcbe1ab7bf213448c16169f6208712) Importer(815301076,1909f56bfc062723c751e8b465ee728b)  -> (artifact id: 'deea3e25471f124dbafcdeba9315f88d') in 0.042490 seconds 
========================================================================
Received Import Request.
  Time since last request: 0.000017 seconds.
  path: Assets/_ChompMan-PM/Materials/Characters/GhostRed_MAT.mat
  artifactKey: Guid(6bed19597475a274a834a0c10030ec22) Importer(815301076,1909f56bfc062723c751e8b465ee728b)
Start importing Assets/_ChompMan-PM/Materials/Characters/GhostRed_MAT.mat using Guid(6bed19597475a274a834a0c10030ec22) Importer(815301076,1909f56bfc062723c751e8b465ee728b)  -> (artifact id: '98f746fbf0a6ab53c0a1ab223760c26c') in 0.039364 seconds 
========================================================================
Received Import Request.
  Time since last request: 0.000051 seconds.
  path: Assets/_ChompMan-PM/Materials/Enviornment/Stage_Neon_MAT.mat
  artifactKey: Guid(21b6e2494efdd644693fce60cbcdfc9c) Importer(815301076,1909f56bfc062723c751e8b465ee728b)
Start importing Assets/_ChompMan-PM/Materials/Enviornment/Stage_Neon_MAT.mat using Guid(21b6e2494efdd644693fce60cbcdfc9c) Importer(815301076,1909f56bfc062723c751e8b465ee728b)  -> (artifact id: 'd1ad5eb2cb87cbdbf2c32267decd8009') in 0.075749 seconds 
========================================================================
Received Import Request.
  Time since last request: 0.000029 seconds.
  path: Assets/_ChompMan-PM/Materials/Characters/ScaredGhost_MAT.mat
  artifactKey: Guid(c31e5fac1beb02f4e8774fb2e51e87a3) Importer(815301076,1909f56bfc062723c751e8b465ee728b)
Start importing Assets/_ChompMan-PM/Materials/Characters/ScaredGhost_MAT.mat using Guid(c31e5fac1beb02f4e8774fb2e51e87a3) Importer(815301076,1909f56bfc062723c751e8b465ee728b)  -> (artifact id: '80ad7584966ec21fe1e55d42e6fd6e65') in 0.043686 seconds 
========================================================================
Received Import Request.
  Time since last request: 0.000040 seconds.
  path: Assets/_ChompMan-PM/Materials/Enviornment/Stage_OrangeRed_MAT.mat
  artifactKey: Guid(4d41ea29da689814dbacf8846f798623) Importer(815301076,1909f56bfc062723c751e8b465ee728b)
Start importing Assets/_ChompMan-PM/Materials/Enviornment/Stage_OrangeRed_MAT.mat using Guid(4d41ea29da689814dbacf8846f798623) Importer(815301076,1909f56bfc062723c751e8b465ee728b)  -> (artifact id: 'c97bad8ecd19697757acab364adb322b') in 0.054162 seconds 
========================================================================
Received Import Request.
  Time since last request: 0.000026 seconds.
  path: Assets/_ChompMan-PM/Mesh/Enviornment/Maze.fbx
  artifactKey: Guid(3cdeb45db07800c41b246380f61f46f2) Importer(815301076,1909f56bfc062723c751e8b465ee728b)
Start importing Assets/_ChompMan-PM/Mesh/Enviornment/Maze.fbx using Guid(3cdeb45db07800c41b246380f61f46f2) Importer(815301076,1909f56bfc062723c751e8b465ee728b)  -> (artifact id: '0e9790d32dcae7d7096586dbfa41f723') in 0.789088 seconds 
========================================================================
Received Import Request.
  Time since last request: 0.000022 seconds.
  path: Assets/_ChompMan-PM/Mesh/Props/Dot.fbx
  artifactKey: Guid(dfa846214fe98954ca47d9a694a75cf4) Importer(815301076,1909f56bfc062723c751e8b465ee728b)
Start importing Assets/_ChompMan-PM/Mesh/Props/Dot.fbx using Guid(dfa846214fe98954ca47d9a694a75cf4) Importer(815301076,1909f56bfc062723c751e8b465ee728b)  -> (artifact id: 'f7b3b246a0653b7bafaa7e07288489e7') in 0.033967 seconds 
========================================================================
Received Import Request.
  Time since last request: 0.000046 seconds.
  path: Assets/_ChompMan-PM/Mesh/Characters/Ghost_Mesh.fbx
  artifactKey: Guid(cd46c4c845d21ed4690627267f2edc5d) Importer(815301076,1909f56bfc062723c751e8b465ee728b)
Start importing Assets/_ChompMan-PM/Mesh/Characters/Ghost_Mesh.fbx using Guid(cd46c4c845d21ed4690627267f2edc5d) Importer(815301076,1909f56bfc062723c751e8b465ee728b)  -> (artifact id: '07e72bedbcc925a6595ef6909bbff41b') in 0.045718 seconds 
========================================================================
Received Import Request.
  Time since last request: 1.288406 seconds.
  path: Assets/_ChompMan-PM/Prefabs/Enviornment/Maze_ModularMesh/Stage_ModularMesh_22.prefab
  artifactKey: Guid(10695e4246ac6d34e8c223ad9b1d62b4) Importer(815301076,1909f56bfc062723c751e8b465ee728b)
Start importing Assets/_ChompMan-PM/Prefabs/Enviornment/Maze_ModularMesh/Stage_ModularMesh_22.prefab using Guid(10695e4246ac6d34e8c223ad9b1d62b4) Importer(815301076,1909f56bfc062723c751e8b465ee728b)  -> (artifact id: '47913b2d9c6218ecd236b6d8bb18604b') in 0.034769 seconds 
========================================================================
Received Import Request.
  Time since last request: 0.000024 seconds.
  path: Assets/_ChompMan-PM/Prefabs/Enviornment/Maze_ModularMesh/Stage_ModularMesh_25.prefab
  artifactKey: Guid(ba18df5e500345642b8afa52eed6121e) Importer(815301076,1909f56bfc062723c751e8b465ee728b)
Start importing Assets/_ChompMan-PM/Prefabs/Enviornment/Maze_ModularMesh/Stage_ModularMesh_25.prefab using Guid(ba18df5e500345642b8afa52eed6121e) Importer(815301076,1909f56bfc062723c751e8b465ee728b)  -> (artifact id: '75ab337e77593d53c4c3cdf143dd9a33') in 0.028635 seconds 
========================================================================
Received Import Request.
  Time since last request: 0.000020 seconds.
  path: Assets/_ChompMan-PM/Prefabs/Enviornment/Maze_ModularMesh/Stage_ModularMesh_24.prefab
  artifactKey: Guid(5d0f1a6faab18334dae24ed822841da4) Importer(815301076,1909f56bfc062723c751e8b465ee728b)
Start importing Assets/_ChompMan-PM/Prefabs/Enviornment/Maze_ModularMesh/Stage_ModularMesh_24.prefab using Guid(5d0f1a6faab18334dae24ed822841da4) Importer(815301076,1909f56bfc062723c751e8b465ee728b)  -> (artifact id: '3de6a8d6e729e8a2d87d76d050f3597c') in 0.038965 seconds 
========================================================================
Received Import Request.
  Time since last request: 0.000031 seconds.
  path: Assets/_ChompMan-PM/Prefabs/Enviornment/Maze_Geo/StageBorder_Mesh_07.prefab
  artifactKey: Guid(7fca7ee885aa6aa4c84ad0c00f8b24aa) Importer(815301076,1909f56bfc062723c751e8b465ee728b)
Start importing Assets/_ChompMan-PM/Prefabs/Enviornment/Maze_Geo/StageBorder_Mesh_07.prefab using Guid(7fca7ee885aa6aa4c84ad0c00f8b24aa) Importer(815301076,1909f56bfc062723c751e8b465ee728b)  -> (artifact id: '6275f78e8f15ccd6088154f71cb31d66') in 0.034405 seconds 
========================================================================
Received Import Request.
  Time since last request: 0.000027 seconds.
  path: Assets/_ChompMan-PM/Prefabs/Enviornment/Maze_ModularMesh/Stage_ModularMesh_27.prefab
  artifactKey: Guid(1d31c434adc7d9e45a1ecc3691a67c12) Importer(815301076,1909f56bfc062723c751e8b465ee728b)
Start importing Assets/_ChompMan-PM/Prefabs/Enviornment/Maze_ModularMesh/Stage_ModularMesh_27.prefab using Guid(1d31c434adc7d9e45a1ecc3691a67c12) Importer(815301076,1909f56bfc062723c751e8b465ee728b)  -> (artifact id: '14ee87451d3fa40a15c1aa8cc6359d06') in 0.034689 seconds 
========================================================================
Received Import Request.
  Time since last request: 0.000020 seconds.
  path: Assets/_ChompMan-PM/Prefabs/Enviornment/Maze_Geo/StageBorder_Mesh_010.prefab
  artifactKey: Guid(61e89c061fb90074e9a0e179a5083a64) Importer(815301076,1909f56bfc062723c751e8b465ee728b)
Start importing Assets/_ChompMan-PM/Prefabs/Enviornment/Maze_Geo/StageBorder_Mesh_010.prefab using Guid(61e89c061fb90074e9a0e179a5083a64) Importer(815301076,1909f56bfc062723c751e8b465ee728b)  -> (artifact id: 'f2943f18d9e2f0f81deffd168c4f9378') in 0.033016 seconds 
========================================================================
Received Import Request.
  Time since last request: 0.000027 seconds.
  path: Assets/_ChompMan-PM/Prefabs/Enviornment/Maze_Geo/StageBorder_Mesh_05.prefab
  artifactKey: Guid(bf3f900ac4cd063488e9f2e350f09a92) Importer(815301076,1909f56bfc062723c751e8b465ee728b)
Start importing Assets/_ChompMan-PM/Prefabs/Enviornment/Maze_Geo/StageBorder_Mesh_05.prefab using Guid(bf3f900ac4cd063488e9f2e350f09a92) Importer(815301076,1909f56bfc062723c751e8b465ee728b)  -> (artifact id: '2b661e17c0ab21f99995e0ac22cffc36') in 0.033590 seconds 
========================================================================
Received Import Request.
  Time since last request: 0.000041 seconds.
  path: Assets/_ChompMan-PM/Prefabs/Enviornment/Maze_ModularMesh/Stage_ModularMesh_26.prefab
  artifactKey: Guid(ccb14a8b846fc7941b85f446b0c9a807) Importer(815301076,1909f56bfc062723c751e8b465ee728b)
Start importing Assets/_ChompMan-PM/Prefabs/Enviornment/Maze_ModularMesh/Stage_ModularMesh_26.prefab using Guid(ccb14a8b846fc7941b85f446b0c9a807) Importer(815301076,1909f56bfc062723c751e8b465ee728b)  -> (artifact id: '18a9e3c6b71a3e0ab2df0a2c5181b785') in 0.033553 seconds 
========================================================================
Received Prepare
Registering precompiled user dll's ...
Registered in 0.005014 seconds.
Begin MonoManager ReloadAssembly
Symbol file LoadedFromMemory doesn't match image C:\Users\maste\Documents\GitHub\Unity-Projects\PacMan2\Library\PackageCache\com.unity.visualscripting@1.7.6\Editor\VisualScripting.Core\Dependencies\YamlDotNet\Unity.VisualScripting.YamlDotNet.dll
Symbol file LoadedFromMemory is not a mono symbol file
Symbol file LoadedFromMemory doesn't match image C:\Users\maste\Documents\GitHub\Unity-Projects\PacMan2\Library\PackageCache\com.unity.visualscripting@1.7.6\Editor\VisualScripting.Core\Dependencies\DotNetZip\Unity.VisualScripting.IonicZip.dll
Native extension for WindowsStandalone target not found
Refreshing native plugins compatible for Editor in 0.49 ms, found 3 plugins.
Preloading 0 native plugins for Editor in 0.00 ms.
Mono: successfully reloaded assembly
- Completed reload, in  0.923 seconds
Domain Reload Profiling:
	ReloadAssembly (924ms)
		BeginReloadAssembly (121ms)
			ExecutionOrderSort (0ms)
			DisableScriptedObjects (4ms)
			BackupInstance (0ms)
			ReleaseScriptingObjects (0ms)
			CreateAndSetChildDomain (29ms)
		EndReloadAssembly (709ms)
			LoadAssemblies (81ms)
			RebuildTransferFunctionScriptingTraits (0ms)
			SetupTypeCache (284ms)
			ReleaseScriptCaches (1ms)
			RebuildScriptCaches (34ms)
			SetupLoadedEditorAssemblies (274ms)
				LogAssemblyErrors (0ms)
				InitializePlatformSupportModulesInManaged (13ms)
				SetLoadedEditorAssemblies (0ms)
				RefreshPlugins (1ms)
				BeforeProcessingInitializeOnLoad (57ms)
				ProcessInitializeOnLoadAttributes (172ms)
				ProcessInitializeOnLoadMethodAttributes (22ms)
				AfterProcessingInitializeOnLoad (8ms)
				EditorAssembliesLoaded (0ms)
			ExecutionOrderSort2 (0ms)
			AwakeInstancesAfterBackupRestoration (6ms)
Platform modules already initialized, skipping
Refreshing native plugins compatible for Editor in 1.46 ms, found 3 plugins.
Preloading 0 native plugins for Editor in 0.00 ms.
Unloading 3221 Unused Serialized files (Serialized files now loaded: 0)
Unloading 16 unused Assets / (79.4 KB). Loaded Objects now: 3741.
Memory consumption went from 117.7 MB to 117.6 MB.
Total: 2.495400 ms (FindLiveObjects: 0.244300 ms CreateObjectMapping: 0.147800 ms MarkObjects: 2.033100 ms  DeleteObjects: 0.069500 ms)

AssetImportParameters requested are different than current active one (requested -> active):
  custom:video-decoder-ogg-theora: a1e56fd34408186e4bbccfd4996cb3dc -> 
  custom:container-muxer-webm: aa71ff27fc2769a1b78a27578f13a17b -> 
  custom:container-demuxer-webm: 4f35f7cbe854078d1ac9338744f61a02 -> 
  custom:video-encoder-webm-vp8: eb34c28f22e8b96e1ab97ce403110664 -> 
  custom:audio-encoder-webm-vorbis: bf7c407c2cedff20999df2af8eb42d56 -> 
  custom:framework-win-MediaFoundation: 216162199b28c13a410421893ffa2e32 -> 
  custom:container-demuxer-ogg: 62fdf1f143b41e24485cea50d1cbac27 -> 
  custom:video-decoder-webm-vp8: 9c59270c3fd7afecdb556c50c9e8de78 -> 
  custom:audio-decoder-ogg-vorbis: bf7c407c2cedff20999df2af8eb42d56 -> 
========================================================================
Received Import Request.
  Time since last request: 72.747635 seconds.
  path: Assets/_ChompMan-PM/Audio/audioblocks-video-game-wrong-choice_HYQGhkMIAvU.wav
  artifactKey: Guid(f7adba9901fc71847b0d3160957bfa9f) Importer(815301076,1909f56bfc062723c751e8b465ee728b)
Start importing Assets/_ChompMan-PM/Audio/audioblocks-video-game-wrong-choice_HYQGhkMIAvU.wav using Guid(f7adba9901fc71847b0d3160957bfa9f) Importer(815301076,1909f56bfc062723c751e8b465ee728b)  -> (artifact id: '5e8509f5f4366a2c134af1eefbacc172') in 0.085125 seconds 
========================================================================
Received Prepare
Registering precompiled user dll's ...
Registered in 0.004593 seconds.
Begin MonoManager ReloadAssembly
Symbol file LoadedFromMemory doesn't match image C:\Users\maste\Documents\GitHub\Unity-Projects\PacMan2\Library\PackageCache\com.unity.visualscripting@1.7.6\Editor\VisualScripting.Core\Dependencies\YamlDotNet\Unity.VisualScripting.YamlDotNet.dll
Symbol file LoadedFromMemory is not a mono symbol file
Symbol file LoadedFromMemory doesn't match image C:\Users\maste\Documents\GitHub\Unity-Projects\PacMan2\Library\PackageCache\com.unity.visualscripting@1.7.6\Editor\VisualScripting.Core\Dependencies\DotNetZip\Unity.VisualScripting.IonicZip.dll
Native extension for WindowsStandalone target not found
Refreshing native plugins compatible for Editor in 0.49 ms, found 3 plugins.
Preloading 0 native plugins for Editor in 0.00 ms.
Mono: successfully reloaded assembly
- Completed reload, in  0.905 seconds
Domain Reload Profiling:
	ReloadAssembly (905ms)
		BeginReloadAssembly (131ms)
			ExecutionOrderSort (0ms)
			DisableScriptedObjects (5ms)
			BackupInstance (0ms)
			ReleaseScriptingObjects (0ms)
			CreateAndSetChildDomain (39ms)
		EndReloadAssembly (681ms)
			LoadAssemblies (81ms)
			RebuildTransferFunctionScriptingTraits (0ms)
			SetupTypeCache (250ms)
			ReleaseScriptCaches (1ms)
			RebuildScriptCaches (38ms)
			SetupLoadedEditorAssemblies (277ms)
				LogAssemblyErrors (0ms)
				InitializePlatformSupportModulesInManaged (12ms)
				SetLoadedEditorAssemblies (0ms)
				RefreshPlugins (1ms)
				BeforeProcessingInitializeOnLoad (65ms)
				ProcessInitializeOnLoadAttributes (171ms)
				ProcessInitializeOnLoadMethodAttributes (20ms)
				AfterProcessingInitializeOnLoad (8ms)
				EditorAssembliesLoaded (0ms)
			ExecutionOrderSort2 (0ms)
			AwakeInstancesAfterBackupRestoration (5ms)
Platform modules already initialized, skipping
Refreshing native plugins compatible for Editor in 1.43 ms, found 3 plugins.
Preloading 0 native plugins for Editor in 0.00 ms.
Unloading 3221 Unused Serialized files (Serialized files now loaded: 0)
Unloading 16 unused Assets / (79.5 KB). Loaded Objects now: 3746.
Memory consumption went from 117.7 MB to 117.6 MB.
Total: 2.388400 ms (FindLiveObjects: 0.267600 ms CreateObjectMapping: 0.132100 ms MarkObjects: 1.916600 ms  DeleteObjects: 0.071300 ms)

AssetImportParameters requested are different than current active one (requested -> active):
  custom:video-decoder-ogg-theora: a1e56fd34408186e4bbccfd4996cb3dc -> 
  custom:container-muxer-webm: aa71ff27fc2769a1b78a27578f13a17b -> 
  custom:container-demuxer-webm: 4f35f7cbe854078d1ac9338744f61a02 -> 
  custom:video-encoder-webm-vp8: eb34c28f22e8b96e1ab97ce403110664 -> 
  custom:audio-encoder-webm-vorbis: bf7c407c2cedff20999df2af8eb42d56 -> 
  custom:framework-win-MediaFoundation: 216162199b28c13a410421893ffa2e32 -> 
  custom:container-demuxer-ogg: 62fdf1f143b41e24485cea50d1cbac27 -> 
  custom:video-decoder-webm-vp8: 9c59270c3fd7afecdb556c50c9e8de78 -> 
  custom:audio-decoder-ogg-vorbis: bf7c407c2cedff20999df2af8eb42d56 -> 
========================================================================
Received Prepare
Registering precompiled user dll's ...
Registered in 0.004951 seconds.
Begin MonoManager ReloadAssembly
Symbol file LoadedFromMemory doesn't match image C:\Users\maste\Documents\GitHub\Unity-Projects\PacMan2\Library\PackageCache\com.unity.visualscripting@1.7.6\Editor\VisualScripting.Core\Dependencies\YamlDotNet\Unity.VisualScripting.YamlDotNet.dll
Symbol file LoadedFromMemory is not a mono symbol file
Symbol file LoadedFromMemory doesn't match image C:\Users\maste\Documents\GitHub\Unity-Projects\PacMan2\Library\PackageCache\com.unity.visualscripting@1.7.6\Editor\VisualScripting.Core\Dependencies\DotNetZip\Unity.VisualScripting.IonicZip.dll
Native extension for WindowsStandalone target not found
Refreshing native plugins compatible for Editor in 0.68 ms, found 3 plugins.
Preloading 0 native plugins for Editor in 0.00 ms.
Mono: successfully reloaded assembly
- Completed reload, in  1.052 seconds
Domain Reload Profiling:
	ReloadAssembly (1053ms)
		BeginReloadAssembly (123ms)
			ExecutionOrderSort (0ms)
			DisableScriptedObjects (5ms)
			BackupInstance (0ms)
			ReleaseScriptingObjects (0ms)
			CreateAndSetChildDomain (32ms)
		EndReloadAssembly (818ms)
			LoadAssemblies (80ms)
			RebuildTransferFunctionScriptingTraits (0ms)
			SetupTypeCache (280ms)
			ReleaseScriptCaches (1ms)
			RebuildScriptCaches (46ms)
			SetupLoadedEditorAssemblies (352ms)
				LogAssemblyErrors (0ms)
				InitializePlatformSupportModulesInManaged (15ms)
				SetLoadedEditorAssemblies (1ms)
				RefreshPlugins (1ms)
				BeforeProcessingInitializeOnLoad (76ms)
				ProcessInitializeOnLoadAttributes (225ms)
				ProcessInitializeOnLoadMethodAttributes (26ms)
				AfterProcessingInitializeOnLoad (9ms)
				EditorAssembliesLoaded (0ms)
			ExecutionOrderSort2 (0ms)
			AwakeInstancesAfterBackupRestoration (6ms)
Platform modules already initialized, skipping
Refreshing native plugins compatible for Editor in 1.76 ms, found 3 plugins.
Preloading 0 native plugins for Editor in 0.00 ms.
Unloading 3221 Unused Serialized files (Serialized files now loaded: 0)
Unloading 16 unused Assets / (79.2 KB). Loaded Objects now: 3749.
Memory consumption went from 117.7 MB to 117.7 MB.
Total: 3.019100 ms (FindLiveObjects: 0.266100 ms CreateObjectMapping: 0.172800 ms MarkObjects: 2.504600 ms  DeleteObjects: 0.074600 ms)

AssetImportParameters requested are different than current active one (requested -> active):
  custom:video-decoder-ogg-theora: a1e56fd34408186e4bbccfd4996cb3dc -> 
  custom:container-muxer-webm: aa71ff27fc2769a1b78a27578f13a17b -> 
  custom:container-demuxer-webm: 4f35f7cbe854078d1ac9338744f61a02 -> 
  custom:video-encoder-webm-vp8: eb34c28f22e8b96e1ab97ce403110664 -> 
  custom:audio-encoder-webm-vorbis: bf7c407c2cedff20999df2af8eb42d56 -> 
  custom:framework-win-MediaFoundation: 216162199b28c13a410421893ffa2e32 -> 
  custom:container-demuxer-ogg: 62fdf1f143b41e24485cea50d1cbac27 -> 
  custom:video-decoder-webm-vp8: 9c59270c3fd7afecdb556c50c9e8de78 -> 
  custom:audio-decoder-ogg-vorbis: bf7c407c2cedff20999df2af8eb42d56 -> 
